# JRE version: OpenJDK Runtime Environment (11.0.8+10) (build 11.0.8+10-b944.6842174)
# Java VM: OpenJDK 64-Bit Server VM (11.0.8+10-b944.6842174, mixed mode, tiered, compressed oops, g1 gc, windows-amd64)
Heap:
 garbage-first heap   total 129024K, used 61429K [0x0000000080000000, 0x0000000100000000)
  region size 1024K, 25 young (25600K), 6 survivors (6144K)
 Metaspace       used 59133K, capacity 60560K, committed 60748K, reserved 1101824K
  class space    used 7525K, capacity 8032K, committed 8064K, reserved 1048576K
GC Heap History (18 events):
Event: 1.014 GC heap before
{Heap before GC invocations=0 (full 0):
 garbage-first heap   total 129024K, used 29696K [0x0000000080000000, 0x0000000100000000)
  region size 1024K, 24 young (24576K), 0 survivors (0K)
 Metaspace       used 10403K, capacity 10640K, committed 11008K, reserved 1058816K
  class space    used 1098K, capacity 1164K, committed 1280K, reserved 1048576K
}
Event: 1.021 GC heap after
{Heap after GC invocations=1 (full 0):
 garbage-first heap   total 129024K, used 8659K [0x0000000080000000, 0x0000000100000000)
  region size 1024K, 3 young (3072K), 3 survivors (3072K)
 Metaspace       used 10403K, capacity 10640K, committed 11008K, reserved 1058816K
  class space    used 1098K, capacity 1164K, committed 1280K, reserved 1048576K
}
Event: 2.982 GC heap before
{Heap before GC invocations=1 (full 0):
 garbage-first heap   total 129024K, used 81363K [0x0000000080000000, 0x0000000100000000)
  region size 1024K, 75 young (76800K), 3 survivors (3072K)
 Metaspace       used 19008K, capacity 19466K, committed 19712K, reserved 1067008K
  class space    used 2309K, capacity 2457K, committed 2560K, reserved 1048576K
}
Event: 2.990 GC heap after
{Heap after GC invocations=2 (full 0):
 garbage-first heap   total 129024K, used 15362K [0x0000000080000000, 0x0000000100000000)
  region size 1024K, 10 young (10240K), 10 survivors (10240K)
 Metaspace       used 19008K, capacity 19466K, committed 19712K, reserved 1067008K
  class space    used 2309K, capacity 2457K, committed 2560K, reserved 1048576K
}
Event: 3.207 GC heap before
{Heap before GC invocations=2 (full 0):
 garbage-first heap   total 129024K, used 26626K [0x0000000080000000, 0x0000000100000000)
  region size 1024K, 22 young (22528K), 10 survivors (10240K)
 Metaspace       used 20629K, capacity 21105K, committed 21248K, reserved 1067008K
  class space    used 2532K, capacity 2710K, committed 2816K, reserved 1048576K
}
Event: 3.219 GC heap after
{Heap after GC invocations=3 (full 0):
 garbage-first heap   total 129024K, used 16025K [0x0000000080000000, 0x0000000100000000)
  region size 1024K, 1 young (1024K), 1 survivors (1024K)
 Metaspace       used 20629K, capacity 21105K, committed 21248K, reserved 1067008K
  class space    used 2532K, capacity 2710K, committed 2816K, reserved 1048576K
}
Event: 4.238 GC heap before
{Heap before GC invocations=4 (full 0):
 garbage-first heap   total 129024K, used 68249K [0x0000000080000000, 0x0000000100000000)
  region size 1024K, 53 young (54272K), 1 survivors (1024K)
 Metaspace       used 26552K, capacity 27150K, committed 27264K, reserved 1073152K
  class space    used 3487K, capacity 3708K, committed 3712K, reserved 1048576K
}
Event: 4.242 GC heap after
{Heap after GC invocations=5 (full 0):
 garbage-first heap   total 129024K, used 17724K [0x0000000080000000, 0x0000000100000000)
  region size 1024K, 3 young (3072K), 3 survivors (3072K)
 Metaspace       used 26552K, capacity 27150K, committed 27264K, reserved 1073152K
  class space    used 3487K, capacity 3708K, committed 3712K, reserved 1048576K
}
Event: 4.860 GC heap before
{Heap before GC invocations=5 (full 0):
 garbage-first heap   total 129024K, used 61756K [0x0000000080000000, 0x0000000100000000)
  region size 1024K, 47 young (48128K), 3 survivors (3072K)
 Metaspace       used 35080K, capacity 35769K, committed 35840K, reserved 1081344K
  class space    used 4569K, capacity 4856K, committed 4864K, reserved 1048576K
}
Event: 4.866 GC heap after
{Heap after GC invocations=6 (full 0):
 garbage-first heap   total 129024K, used 20878K [0x0000000080000000, 0x0000000100000000)
  region size 1024K, 6 young (6144K), 6 survivors (6144K)
 Metaspace       used 35080K, capacity 35769K, committed 35840K, reserved 1081344K
  class space    used 4569K, capacity 4856K, committed 4864K, reserved 1048576K
}
Event: 5.569 GC heap before
{Heap before GC invocations=7 (full 0):
 garbage-first heap   total 129024K, used 85390K [0x0000000080000000, 0x0000000100000000)
  region size 1024K, 66 young (67584K), 6 survivors (6144K)
 Metaspace       used 41032K, capacity 41970K, committed 42240K, reserved 1085440K
  class space    used 5257K, capacity 5574K, committed 5632K, reserved 1048576K
}
Event: 5.577 GC heap after
{Heap after GC invocations=8 (full 0):
 garbage-first heap   total 129024K, used 24314K [0x0000000080000000, 0x0000000100000000)
  region size 1024K, 7 young (7168K), 7 survivors (7168K)
 Metaspace       used 41032K, capacity 41970K, committed 42240K, reserved 1085440K
  class space    used 5257K, capacity 5574K, committed 5632K, reserved 1048576K
}
Event: 6.318 GC heap before
{Heap before GC invocations=8 (full 0):
 garbage-first heap   total 129024K, used 86778K [0x0000000080000000, 0x0000000100000000)
  region size 1024K, 67 young (68608K), 7 survivors (7168K)
 Metaspace       used 44283K, capacity 45300K, committed 45568K, reserved 1089536K
  class space    used 5681K, capacity 6066K, committed 6144K, reserved 1048576K
}
Event: 6.325 GC heap after
{Heap after GC invocations=9 (full 0):
 garbage-first heap   total 129024K, used 30789K [0x0000000080000000, 0x0000000100000000)
  region size 1024K, 9 young (9216K), 9 survivors (9216K)
 Metaspace       used 44283K, capacity 45300K, committed 45568K, reserved 1089536K
  class space    used 5681K, capacity 6066K, committed 6144K, reserved 1048576K
}
Event: 7.183 GC heap before
{Heap before GC invocations=9 (full 0):
 garbage-first heap   total 129024K, used 92229K [0x0000000080000000, 0x0000000100000000)
  region size 1024K, 68 young (69632K), 9 survivors (9216K)
 Metaspace       used 51942K, capacity 53180K, committed 53504K, reserved 1095680K
  class space    used 6622K, capacity 7082K, committed 7168K, reserved 1048576K
}
Event: 7.194 GC heap after
{Heap after GC invocations=10 (full 0):
 garbage-first heap   total 129024K, used 37678K [0x0000000080000000, 0x0000000100000000)
  region size 1024K, 6 young (6144K), 6 survivors (6144K)
 Metaspace       used 51942K, capacity 53180K, committed 53504K, reserved 1095680K
  class space    used 6622K, capacity 7082K, committed 7168K, reserved 1048576K
}
Event: 8.162 GC heap before
{Heap before GC invocations=10 (full 0):
 garbage-first heap   total 129024K, used 93998K [0x0000000080000000, 0x0000000100000000)
  region size 1024K, 61 young (62464K), 6 survivors (6144K)
 Metaspace       used 58596K, capacity 60036K, committed 60160K, reserved 1101824K
  class space    used 7433K, capacity 7923K, committed 7936K, reserved 1048576K
}
Event: 8.177 GC heap after
{Heap after GC invocations=11 (full 0):
 garbage-first heap   total 129024K, used 42997K [0x0000000080000000, 0x0000000100000000)
  region size 1024K, 6 young (6144K), 6 survivors (6144K)
 Metaspace       used 58596K, capacity 60036K, committed 60160K, reserved 1101824K
  class space    used 7433K, capacity 7923K, committed 7936K, reserved 1048576K
}

