# JRE version: OpenJDK Runtime Environment (11.0.8+10) (build 11.0.8+10-b944.6842174)
# Java VM: OpenJDK 64-Bit Server VM (11.0.8+10-b944.6842174, mixed mode, tiered, compressed oops, g1 gc, windows-amd64)
Heap:
 garbage-first heap   total 155648K, used 30237K [0x0000000080000000, 0x0000000100000000)
  region size 1024K, 8 young (8192K), 8 survivors (8192K)
 Metaspace       used 44249K, capacity 45254K, committed 45516K, reserved 1089536K
  class space    used 5678K, capacity 6028K, committed 6144K, reserved 1048576K
GC Heap History (13 events):
Event: 0.814 GC heap before
{Heap before GC invocations=0 (full 0):
 garbage-first heap   total 129024K, used 29696K [0x0000000080000000, 0x0000000100000000)
  region size 1024K, 24 young (24576K), 0 survivors (0K)
 Metaspace       used 10388K, capacity 10580K, committed 10752K, reserved 1058816K
  class space    used 1098K, capacity 1164K, committed 1280K, reserved 1048576K
}
Event: 0.820 GC heap after
{Heap after GC invocations=1 (full 0):
 garbage-first heap   total 129024K, used 8819K [0x0000000080000000, 0x0000000100000000)
  region size 1024K, 3 young (3072K), 3 survivors (3072K)
 Metaspace       used 10388K, capacity 10580K, committed 10752K, reserved 1058816K
  class space    used 1098K, capacity 1164K, committed 1280K, reserved 1048576K
}
Event: 2.468 GC heap before
{Heap before GC invocations=1 (full 0):
 garbage-first heap   total 129024K, used 82547K [0x0000000080000000, 0x0000000100000000)
  region size 1024K, 75 young (76800K), 3 survivors (3072K)
 Metaspace       used 18885K, capacity 19276K, committed 19456K, reserved 1067008K
  class space    used 2292K, capacity 2456K, committed 2560K, reserved 1048576K
}
Event: 2.477 GC heap after
{Heap after GC invocations=2 (full 0):
 garbage-first heap   total 129024K, used 15355K [0x0000000080000000, 0x0000000100000000)
  region size 1024K, 10 young (10240K), 10 survivors (10240K)
 Metaspace       used 18885K, capacity 19276K, committed 19456K, reserved 1067008K
  class space    used 2292K, capacity 2456K, committed 2560K, reserved 1048576K
}
Event: 2.641 GC heap before
{Heap before GC invocations=2 (full 0):
 garbage-first heap   total 129024K, used 27643K [0x0000000080000000, 0x0000000100000000)
  region size 1024K, 23 young (23552K), 10 survivors (10240K)
 Metaspace       used 20674K, capacity 21109K, committed 21248K, reserved 1067008K
  class space    used 2544K, capacity 2710K, committed 2816K, reserved 1048576K
}
Event: 2.649 GC heap after
{Heap after GC invocations=3 (full 0):
 garbage-first heap   total 129024K, used 15982K [0x0000000080000000, 0x0000000100000000)
  region size 1024K, 1 young (1024K), 1 survivors (1024K)
 Metaspace       used 20674K, capacity 21109K, committed 21248K, reserved 1067008K
  class space    used 2544K, capacity 2710K, committed 2816K, reserved 1048576K
}
Event: 3.604 GC heap before
{Heap before GC invocations=4 (full 0):
 garbage-first heap   total 129024K, used 72302K [0x0000000080000000, 0x0000000100000000)
  region size 1024K, 57 young (58368K), 1 survivors (1024K)
 Metaspace       used 26800K, capacity 27414K, committed 27648K, reserved 1073152K
  class space    used 3533K, capacity 3753K, committed 3840K, reserved 1048576K
}
Event: 3.608 GC heap after
{Heap after GC invocations=5 (full 0):
 garbage-first heap   total 129024K, used 17977K [0x0000000080000000, 0x0000000100000000)
  region size 1024K, 3 young (3072K), 3 survivors (3072K)
 Metaspace       used 26800K, capacity 27414K, committed 27648K, reserved 1073152K
  class space    used 3533K, capacity 3753K, committed 3840K, reserved 1048576K
}
Event: 4.701 GC heap before
{Heap before GC invocations=5 (full 0):
 garbage-first heap   total 129024K, used 56889K [0x0000000080000000, 0x0000000100000000)
  region size 1024K, 43 young (44032K), 3 survivors (3072K)
 Metaspace       used 35002K, capacity 35769K, committed 35840K, reserved 1081344K
  class space    used 4561K, capacity 4856K, committed 4864K, reserved 1048576K
}
Event: 4.714 GC heap after
{Heap after GC invocations=6 (full 0):
 garbage-first heap   total 129024K, used 20958K [0x0000000080000000, 0x0000000100000000)
  region size 1024K, 6 young (6144K), 6 survivors (6144K)
 Metaspace       used 35002K, capacity 35769K, committed 35840K, reserved 1081344K
  class space    used 4561K, capacity 4856K, committed 4864K, reserved 1048576K
}
Event: 5.774 GC heap before
{Heap before GC invocations=7 (full 0):
 garbage-first heap   total 129024K, used 85470K [0x0000000080000000, 0x0000000100000000)
  region size 1024K, 66 young (67584K), 6 survivors (6144K)
 Metaspace       used 40979K, capacity 41830K, committed 41932K, reserved 1085440K
  class space    used 5247K, capacity 5568K, committed 5632K, reserved 1048576K
}
Event: 5.786 GC heap after
{Heap after GC invocations=8 (full 0):
 garbage-first heap   total 129024K, used 24465K [0x0000000080000000, 0x0000000100000000)
  region size 1024K, 7 young (7168K), 7 survivors (7168K)
 Metaspace       used 40979K, capacity 41830K, committed 41932K, reserved 1085440K
  class space    used 5247K, capacity 5568K, committed 5632K, reserved 1048576K
}
Event: 6.535 GC heap before
{Heap before GC invocations=8 (full 0):
 garbage-first heap   total 129024K, used 86929K [0x0000000080000000, 0x0000000100000000)
  region size 1024K, 68 young (69632K), 7 survivors (7168K)
 Metaspace       used 44249K, capacity 45254K, committed 45516K, reserved 1089536K
  class space    used 5678K, capacity 6028K, committed 6144K, reserved 1048576K
}

